<?xml version="1.0" encoding="UTF-8"?>
<!-- Generated by org.testng.reporters.JUnitReportReporter -->
<testsuite hostname="Nilmie" failures="0" tests="1" name="Runner.TestRunner" time="23.674" errors="0" timestamp="2020-11-06T17:20:06 IST" skipped="0">
  <testcase classname="Runner.TestRunner" name="feature" time="23.674"/>
  <system-out/>
</testsuite> <!-- Runner.TestRunner -->
